# JRE version: OpenJDK Runtime Environment Microsoft-8035246 (17.0.8+7) (build 17.0.8+7-LTS)
# Java VM: OpenJDK 64-Bit Server VM Microsoft-8035246 (17.0.8+7-LTS, mixed mode, tiered, compressed oops, compressed class ptrs, g1 gc, windows-amd64)
GC Precious Log:
 CPUs: 8 total, 8 available
 Memory: 7834M
 Large Page Support: Disabled
 NUMA Support: Disabled
 Compressed Oops: Enabled (32-bit)
 Heap Region Size: 1M
 Heap Min Capacity: 8M
 Heap Initial Capacity: 124M
 Heap Max Capacity: 1960M
 Pre-touch: Disabled
 Parallel Workers: 8
 Concurrent Workers: 2
 Concurrent Refinement Workers: 8
 Periodic GC: Disabled
Heap:
 garbage-first heap   total 75776K, used 32569K [0x0000000085800000, 0x0000000100000000)
  region size 1024K, 7 young (7168K), 3 survivors (3072K)
 Metaspace       used 44188K, committed 44352K, reserved 1114112K
  class space    used 5184K, committed 5248K, reserved 1048576K
GC Heap History (20 events):
Event: 1.819 GC heap before
{Heap before GC invocations=3 (full 0):
 garbage-first heap   total 30720K, used 25240K [0x0000000085800000, 0x0000000100000000)
  region size 1024K, 17 young (17408K), 1 survivors (1024K)
 Metaspace       used 22092K, committed 22336K, reserved 1114112K
  class space    used 2631K, committed 2752K, reserved 1048576K
}
Event: 1.831 GC heap after
{Heap after GC invocations=4 (full 0):
 garbage-first heap   total 31744K, used 13976K [0x0000000085800000, 0x0000000100000000)
  region size 1024K, 5 young (5120K), 5 survivors (5120K)
 Metaspace       used 22092K, committed 22336K, reserved 1114112K
  class space    used 2631K, committed 2752K, reserved 1048576K
}
Event: 1.840 GC heap before
{Heap before GC invocations=4 (full 0):
 garbage-first heap   total 31744K, used 15000K [0x0000000085800000, 0x0000000100000000)
  region size 1024K, 6 young (6144K), 5 survivors (5120K)
 Metaspace       used 22092K, committed 22336K, reserved 1114112K
  class space    used 2631K, committed 2752K, reserved 1048576K
}
Event: 1.849 GC heap after
{Heap after GC invocations=5 (full 0):
 garbage-first heap   total 31744K, used 14685K [0x0000000085800000, 0x0000000100000000)
  region size 1024K, 1 young (1024K), 1 survivors (1024K)
 Metaspace       used 22092K, committed 22336K, reserved 1114112K
  class space    used 2631K, committed 2752K, reserved 1048576K
}
Event: 2.728 GC heap before
{Heap before GC invocations=5 (full 0):
 garbage-first heap   total 31744K, used 21853K [0x0000000085800000, 0x0000000100000000)
  region size 1024K, 8 young (8192K), 1 survivors (1024K)
 Metaspace       used 23773K, committed 23936K, reserved 1114112K
  class space    used 3012K, committed 3072K, reserved 1048576K
}
Event: 2.733 GC heap after
{Heap after GC invocations=6 (full 0):
 garbage-first heap   total 31744K, used 15882K [0x0000000085800000, 0x0000000100000000)
  region size 1024K, 1 young (1024K), 1 survivors (1024K)
 Metaspace       used 23773K, committed 23936K, reserved 1114112K
  class space    used 3012K, committed 3072K, reserved 1048576K
}
Event: 2.863 GC heap before
{Heap before GC invocations=7 (full 0):
 garbage-first heap   total 31744K, used 21002K [0x0000000085800000, 0x0000000100000000)
  region size 1024K, 7 young (7168K), 1 survivors (1024K)
 Metaspace       used 25702K, committed 25920K, reserved 1114112K
  class space    used 3240K, committed 3328K, reserved 1048576K
}
Event: 2.867 GC heap after
{Heap after GC invocations=8 (full 0):
 garbage-first heap   total 31744K, used 16500K [0x0000000085800000, 0x0000000100000000)
  region size 1024K, 1 young (1024K), 1 survivors (1024K)
 Metaspace       used 25702K, committed 25920K, reserved 1114112K
  class space    used 3240K, committed 3328K, reserved 1048576K
}
Event: 2.989 GC heap before
{Heap before GC invocations=8 (full 0):
 garbage-first heap   total 31744K, used 22644K [0x0000000085800000, 0x0000000100000000)
  region size 1024K, 7 young (7168K), 1 survivors (1024K)
 Metaspace       used 27029K, committed 27200K, reserved 1114112K
  class space    used 3373K, committed 3456K, reserved 1048576K
}
Event: 2.993 GC heap after
{Heap after GC invocations=9 (full 0):
 garbage-first heap   total 69632K, used 17209K [0x0000000085800000, 0x0000000100000000)
  region size 1024K, 1 young (1024K), 1 survivors (1024K)
 Metaspace       used 27029K, committed 27200K, reserved 1114112K
  class space    used 3373K, committed 3456K, reserved 1048576K
}
Event: 3.563 GC heap before
{Heap before GC invocations=10 (full 0):
 garbage-first heap   total 61440K, used 43833K [0x0000000085800000, 0x0000000100000000)
  region size 1024K, 27 young (27648K), 1 survivors (1024K)
 Metaspace       used 32072K, committed 32320K, reserved 1114112K
  class space    used 3855K, committed 3968K, reserved 1048576K
}
Event: 3.573 GC heap after
{Heap after GC invocations=11 (full 0):
 garbage-first heap   total 61440K, used 18233K [0x0000000085800000, 0x0000000100000000)
  region size 1024K, 4 young (4096K), 4 survivors (4096K)
 Metaspace       used 32072K, committed 32320K, reserved 1114112K
  class space    used 3855K, committed 3968K, reserved 1048576K
}
Event: 4.260 GC heap before
{Heap before GC invocations=11 (full 0):
 garbage-first heap   total 61440K, used 39737K [0x0000000085800000, 0x0000000100000000)
  region size 1024K, 26 young (26624K), 4 survivors (4096K)
 Metaspace       used 36857K, committed 37120K, reserved 1114112K
  class space    used 4311K, committed 4416K, reserved 1048576K
}
Event: 4.275 GC heap after
{Heap after GC invocations=12 (full 0):
 garbage-first heap   total 61440K, used 20708K [0x0000000085800000, 0x0000000100000000)
  region size 1024K, 3 young (3072K), 3 survivors (3072K)
 Metaspace       used 36857K, committed 37120K, reserved 1114112K
  class space    used 4311K, committed 4416K, reserved 1048576K
}
Event: 4.758 GC heap before
{Heap before GC invocations=12 (full 0):
 garbage-first heap   total 61440K, used 43236K [0x0000000085800000, 0x0000000100000000)
  region size 1024K, 24 young (24576K), 3 survivors (3072K)
 Metaspace       used 39285K, committed 39488K, reserved 1114112K
  class space    used 4597K, committed 4672K, reserved 1048576K
}
Event: 4.771 GC heap after
{Heap after GC invocations=13 (full 0):
 garbage-first heap   total 61440K, used 24649K [0x0000000085800000, 0x0000000100000000)
  region size 1024K, 3 young (3072K), 3 survivors (3072K)
 Metaspace       used 39285K, committed 39488K, reserved 1114112K
  class space    used 4597K, committed 4672K, reserved 1048576K
}
Event: 4.933 GC heap before
{Heap before GC invocations=13 (full 0):
 garbage-first heap   total 61440K, used 44105K [0x0000000085800000, 0x0000000100000000)
  region size 1024K, 22 young (22528K), 3 survivors (3072K)
 Metaspace       used 39617K, committed 39808K, reserved 1114112K
  class space    used 4630K, committed 4736K, reserved 1048576K
}
Event: 4.940 GC heap after
{Heap after GC invocations=14 (full 0):
 garbage-first heap   total 61440K, used 24685K [0x0000000085800000, 0x0000000100000000)
  region size 1024K, 1 young (1024K), 1 survivors (1024K)
 Metaspace       used 39617K, committed 39808K, reserved 1114112K
  class space    used 4630K, committed 4736K, reserved 1048576K
}
Event: 5.506 GC heap before
{Heap before GC invocations=14 (full 0):
 garbage-first heap   total 61440K, used 47213K [0x0000000085800000, 0x0000000100000000)
  region size 1024K, 21 young (21504K), 1 survivors (1024K)
 Metaspace       used 43094K, committed 43328K, reserved 1114112K
  class space    used 5022K, committed 5120K, reserved 1048576K
}
Event: 5.518 GC heap after
{Heap after GC invocations=15 (full 0):
 garbage-first heap   total 75776K, used 29497K [0x0000000085800000, 0x0000000100000000)
  region size 1024K, 3 young (3072K), 3 survivors (3072K)
 Metaspace       used 43094K, committed 43328K, reserved 1114112K
  class space    used 5022K, committed 5120K, reserved 1048576K
}

