# JRE version: OpenJDK Runtime Environment Microsoft-8035246 (17.0.8+7) (build 17.0.8+7-LTS)
# Java VM: OpenJDK 64-Bit Server VM Microsoft-8035246 (17.0.8+7-LTS, mixed mode, sharing, tiered, compressed oops, compressed class ptrs, g1 gc, windows-amd64)
GC Precious Log:
 CPUs: 8 total, 8 available
 Memory: 7834M
 Large Page Support: Disabled
 NUMA Support: Disabled
 Compressed Oops: Enabled (32-bit)
 Heap Region Size: 1M
 Heap Min Capacity: 8M
 Heap Initial Capacity: 124M
 Heap Max Capacity: 2G
 Pre-touch: Disabled
 Parallel Workers: 8
 Concurrent Workers: 2
 Concurrent Refinement Workers: 8
 Periodic GC: Disabled
Heap:
 garbage-first heap   total 207872K, used 108901K [0x0000000080000000, 0x0000000100000000)
  region size 1024K, 11 young (11264K), 4 survivors (4096K)
 Metaspace       used 77885K, committed 78784K, reserved 557056K
  class space    used 10794K, committed 11200K, reserved 425984K
GC Heap History (20 events):
Event: 28.159 GC heap before
{Heap before GC invocations=20 (full 0):
 garbage-first heap   total 92160K, used 76304K [0x0000000080000000, 0x0000000100000000)
  region size 1024K, 14 young (14336K), 1 survivors (1024K)
 Metaspace       used 58565K, committed 59200K, reserved 491520K
  class space    used 8345K, committed 8640K, reserved 425984K
}
Event: 28.161 GC heap after
{Heap after GC invocations=21 (full 0):
 garbage-first heap   total 92160K, used 63259K [0x0000000080000000, 0x0000000100000000)
  region size 1024K, 1 young (1024K), 1 survivors (1024K)
 Metaspace       used 58565K, committed 59200K, reserved 491520K
  class space    used 8345K, committed 8640K, reserved 425984K
}
Event: 28.448 GC heap before
{Heap before GC invocations=22 (full 0):
 garbage-first heap   total 112640K, used 76571K [0x0000000080000000, 0x0000000100000000)
  region size 1024K, 15 young (15360K), 1 survivors (1024K)
 Metaspace       used 59796K, committed 60416K, reserved 491520K
  class space    used 8492K, committed 8768K, reserved 425984K
}
Event: 28.450 GC heap after
{Heap after GC invocations=23 (full 0):
 garbage-first heap   total 112640K, used 64678K [0x0000000080000000, 0x0000000100000000)
  region size 1024K, 2 young (2048K), 2 survivors (2048K)
 Metaspace       used 59796K, committed 60416K, reserved 491520K
  class space    used 8492K, committed 8768K, reserved 425984K
}
Event: 28.488 GC heap before
{Heap before GC invocations=23 (full 0):
 garbage-first heap   total 112640K, used 67750K [0x0000000080000000, 0x0000000100000000)
  region size 1024K, 5 young (5120K), 2 survivors (2048K)
 Metaspace       used 59986K, committed 60608K, reserved 491520K
  class space    used 8520K, committed 8832K, reserved 425984K
}
Event: 28.492 GC heap after
{Heap after GC invocations=24 (full 0):
 garbage-first heap   total 112640K, used 64410K [0x0000000080000000, 0x0000000100000000)
  region size 1024K, 1 young (1024K), 1 survivors (1024K)
 Metaspace       used 59986K, committed 60608K, reserved 491520K
  class space    used 8520K, committed 8832K, reserved 425984K
}
Event: 29.175 GC heap before
{Heap before GC invocations=24 (full 0):
 garbage-first heap   total 112640K, used 94106K [0x0000000080000000, 0x0000000100000000)
  region size 1024K, 30 young (30720K), 1 survivors (1024K)
 Metaspace       used 61721K, committed 62400K, reserved 491520K
  class space    used 8764K, committed 9088K, reserved 425984K
}
Event: 29.181 GC heap after
{Heap after GC invocations=25 (full 0):
 garbage-first heap   total 207872K, used 65139K [0x0000000080000000, 0x0000000100000000)
  region size 1024K, 2 young (2048K), 2 survivors (2048K)
 Metaspace       used 61721K, committed 62400K, reserved 491520K
  class space    used 8764K, committed 9088K, reserved 425984K
}
Event: 33.414 GC heap before
{Heap before GC invocations=26 (full 0):
 garbage-first heap   total 207872K, used 169587K [0x0000000080000000, 0x0000000100000000)
  region size 1024K, 105 young (107520K), 2 survivors (2048K)
 Metaspace       used 67350K, committed 68096K, reserved 491520K
  class space    used 9525K, committed 9856K, reserved 425984K
}
Event: 33.425 GC heap after
{Heap after GC invocations=27 (full 0):
 garbage-first heap   total 207872K, used 73126K [0x0000000080000000, 0x0000000100000000)
  region size 1024K, 9 young (9216K), 9 survivors (9216K)
 Metaspace       used 67350K, committed 68096K, reserved 491520K
  class space    used 9525K, committed 9856K, reserved 425984K
}
Event: 34.406 GC heap before
{Heap before GC invocations=27 (full 0):
 garbage-first heap   total 207872K, used 74150K [0x0000000080000000, 0x0000000100000000)
  region size 1024K, 10 young (10240K), 9 survivors (9216K)
 Metaspace       used 67507K, committed 68224K, reserved 491520K
  class space    used 9544K, committed 9856K, reserved 425984K
}
Event: 34.415 GC heap after
{Heap after GC invocations=28 (full 0):
 garbage-first heap   total 207872K, used 74041K [0x0000000080000000, 0x0000000100000000)
  region size 1024K, 2 young (2048K), 2 survivors (2048K)
 Metaspace       used 67507K, committed 68224K, reserved 491520K
  class space    used 9544K, committed 9856K, reserved 425984K
}
Event: 40.240 GC heap before
{Heap before GC invocations=28 (full 0):
 garbage-first heap   total 207872K, used 166201K [0x0000000080000000, 0x0000000100000000)
  region size 1024K, 92 young (94208K), 2 survivors (2048K)
 Metaspace       used 71535K, committed 72320K, reserved 491520K
  class space    used 10157K, committed 10560K, reserved 425984K
}
Event: 40.252 GC heap after
{Heap after GC invocations=29 (full 0):
 garbage-first heap   total 207872K, used 82501K [0x0000000080000000, 0x0000000100000000)
  region size 1024K, 10 young (10240K), 10 survivors (10240K)
 Metaspace       used 71535K, committed 72320K, reserved 491520K
  class space    used 10157K, committed 10560K, reserved 425984K
}
Event: 44.039 GC heap before
{Heap before GC invocations=29 (full 0):
 garbage-first heap   total 207872K, used 165445K [0x0000000080000000, 0x0000000100000000)
  region size 1024K, 92 young (94208K), 10 survivors (10240K)
 Metaspace       used 71912K, committed 72768K, reserved 491520K
  class space    used 10160K, committed 10560K, reserved 425984K
}
Event: 44.055 GC heap after
{Heap after GC invocations=30 (full 0):
 garbage-first heap   total 207872K, used 87499K [0x0000000080000000, 0x0000000100000000)
  region size 1024K, 7 young (7168K), 7 survivors (7168K)
 Metaspace       used 71912K, committed 72768K, reserved 491520K
  class space    used 10160K, committed 10560K, reserved 425984K
}
Event: 51.566 GC heap before
{Heap before GC invocations=30 (full 0):
 garbage-first heap   total 207872K, used 170443K [0x0000000080000000, 0x0000000100000000)
  region size 1024K, 84 young (86016K), 7 survivors (7168K)
 Metaspace       used 71970K, committed 72768K, reserved 491520K
  class space    used 10168K, committed 10560K, reserved 425984K
}
Event: 51.576 GC heap after
{Heap after GC invocations=31 (full 0):
 garbage-first heap   total 207872K, used 97894K [0x0000000080000000, 0x0000000100000000)
  region size 1024K, 9 young (9216K), 9 survivors (9216K)
 Metaspace       used 71970K, committed 72768K, reserved 491520K
  class space    used 10168K, committed 10560K, reserved 425984K
}
Event: 60.513 GC heap before
{Heap before GC invocations=31 (full 0):
 garbage-first heap   total 207872K, used 167526K [0x0000000080000000, 0x0000000100000000)
  region size 1024K, 76 young (77824K), 9 survivors (9216K)
 Metaspace       used 77460K, committed 78336K, reserved 557056K
  class space    used 10737K, committed 11136K, reserved 425984K
}
Event: 60.639 GC heap after
{Heap after GC invocations=32 (full 0):
 garbage-first heap   total 207872K, used 102757K [0x0000000080000000, 0x0000000100000000)
  region size 1024K, 4 young (4096K), 4 survivors (4096K)
 Metaspace       used 77460K, committed 78336K, reserved 557056K
  class space    used 10737K, committed 11136K, reserved 425984K
}

