# JRE version: OpenJDK Runtime Environment Microsoft-8035246 (17.0.8+7) (build 17.0.8+7-LTS)
# Java VM: OpenJDK 64-Bit Server VM Microsoft-8035246 (17.0.8+7-LTS, mixed mode, sharing, tiered, compressed oops, compressed class ptrs, g1 gc, windows-amd64)
GC Precious Log:
 CPUs: 8 total, 8 available
 Memory: 7834M
 Large Page Support: Disabled
 NUMA Support: Disabled
 Compressed Oops: Enabled (32-bit)
 Heap Region Size: 1M
 Heap Min Capacity: 8M
 Heap Initial Capacity: 124M
 Heap Max Capacity: 2G
 Pre-touch: Disabled
 Parallel Workers: 8
 Concurrent Workers: 2
 Concurrent Refinement Workers: 8
 Periodic GC: Disabled
Heap:
 garbage-first heap   total 276480K, used 206906K [0x0000000080000000, 0x0000000100000000)
  region size 1024K, 58 young (59392K), 2 survivors (2048K)
 Metaspace       used 102029K, committed 103168K, reserved 557056K
  class space    used 14193K, committed 14720K, reserved 425984K
GC Heap History (20 events):
Event: 11.778 GC heap before
{Heap before GC invocations=25 (full 0):
 garbage-first heap   total 260096K, used 186025K [0x0000000080000000, 0x0000000100000000)
  region size 1024K, 115 young (117760K), 11 survivors (11264K)
 Metaspace       used 71747K, committed 72640K, reserved 491520K
  class space    used 10160K, committed 10560K, reserved 425984K
}
Event: 11.791 GC heap after
{Heap after GC invocations=26 (full 0):
 garbage-first heap   total 260096K, used 86421K [0x0000000080000000, 0x0000000100000000)
  region size 1024K, 8 young (8192K), 8 survivors (8192K)
 Metaspace       used 71747K, committed 72640K, reserved 491520K
  class space    used 10160K, committed 10560K, reserved 425984K
}
Event: 12.723 GC heap before
{Heap before GC invocations=26 (full 0):
 garbage-first heap   total 260096K, used 199061K [0x0000000080000000, 0x0000000100000000)
  region size 1024K, 112 young (114688K), 8 survivors (8192K)
 Metaspace       used 74423K, committed 75328K, reserved 491520K
  class space    used 10471K, committed 10880K, reserved 425984K
}
Event: 12.734 GC heap after
{Heap after GC invocations=27 (full 0):
 garbage-first heap   total 260096K, used 99817K [0x0000000080000000, 0x0000000100000000)
  region size 1024K, 14 young (14336K), 14 survivors (14336K)
 Metaspace       used 74423K, committed 75328K, reserved 491520K
  class space    used 10471K, committed 10880K, reserved 425984K
}
Event: 13.934 GC heap before
{Heap before GC invocations=27 (full 0):
 garbage-first heap   total 260096K, used 203241K [0x0000000080000000, 0x0000000100000000)
  region size 1024K, 110 young (112640K), 14 survivors (14336K)
 Metaspace       used 81999K, committed 82944K, reserved 557056K
  class space    used 11333K, committed 11776K, reserved 425984K
}
Event: 13.947 GC heap after
{Heap after GC invocations=28 (full 0):
 garbage-first heap   total 260096K, used 108188K [0x0000000080000000, 0x0000000100000000)
  region size 1024K, 7 young (7168K), 7 survivors (7168K)
 Metaspace       used 81999K, committed 82944K, reserved 557056K
  class space    used 11333K, committed 11776K, reserved 425984K
}
Event: 14.816 GC heap before
{Heap before GC invocations=28 (full 0):
 garbage-first heap   total 260096K, used 205468K [0x0000000080000000, 0x0000000100000000)
  region size 1024K, 100 young (102400K), 7 survivors (7168K)
 Metaspace       used 86795K, committed 87808K, reserved 557056K
  class space    used 12004K, committed 12480K, reserved 425984K
}
Event: 14.825 GC heap after
{Heap after GC invocations=29 (full 0):
 garbage-first heap   total 260096K, used 114698K [0x0000000080000000, 0x0000000100000000)
  region size 1024K, 12 young (12288K), 12 survivors (12288K)
 Metaspace       used 86795K, committed 87808K, reserved 557056K
  class space    used 12004K, committed 12480K, reserved 425984K
}
Event: 16.008 GC heap before
{Heap before GC invocations=29 (full 0):
 garbage-first heap   total 260096K, used 207882K [0x0000000080000000, 0x0000000100000000)
  region size 1024K, 102 young (104448K), 12 survivors (12288K)
 Metaspace       used 90946K, committed 91904K, reserved 557056K
  class space    used 12584K, committed 13056K, reserved 425984K
}
Event: 16.019 GC heap after
{Heap after GC invocations=30 (full 0):
 garbage-first heap   total 260096K, used 119678K [0x0000000080000000, 0x0000000100000000)
  region size 1024K, 10 young (10240K), 10 survivors (10240K)
 Metaspace       used 90946K, committed 91904K, reserved 557056K
  class space    used 12584K, committed 13056K, reserved 425984K
}
Event: 16.893 GC heap before
{Heap before GC invocations=30 (full 0):
 garbage-first heap   total 260096K, used 209790K [0x0000000080000000, 0x0000000100000000)
  region size 1024K, 98 young (100352K), 10 survivors (10240K)
 Metaspace       used 96601K, committed 97600K, reserved 557056K
  class space    used 13483K, committed 13952K, reserved 425984K
}
Event: 16.903 GC heap after
{Heap after GC invocations=31 (full 0):
 garbage-first heap   total 260096K, used 121752K [0x0000000080000000, 0x0000000100000000)
  region size 1024K, 8 young (8192K), 8 survivors (8192K)
 Metaspace       used 96601K, committed 97600K, reserved 557056K
  class space    used 13483K, committed 13952K, reserved 425984K
}
Event: 17.684 GC heap before
{Heap before GC invocations=31 (full 0):
 garbage-first heap   total 260096K, used 212888K [0x0000000080000000, 0x0000000100000000)
  region size 1024K, 97 young (99328K), 8 survivors (8192K)
 Metaspace       used 99001K, committed 100032K, reserved 557056K
  class space    used 13812K, committed 14272K, reserved 425984K
}
Event: 17.700 GC heap after
{Heap after GC invocations=32 (full 0):
 garbage-first heap   total 260096K, used 131157K [0x0000000080000000, 0x0000000100000000)
  region size 1024K, 13 young (13312K), 13 survivors (13312K)
 Metaspace       used 99001K, committed 100032K, reserved 557056K
  class space    used 13812K, committed 14272K, reserved 425984K
}
Event: 18.362 GC heap before
{Heap before GC invocations=32 (full 0):
 garbage-first heap   total 260096K, used 211029K [0x0000000080000000, 0x0000000100000000)
  region size 1024K, 91 young (93184K), 13 survivors (13312K)
 Metaspace       used 100441K, committed 101504K, reserved 557056K
  class space    used 14046K, committed 14528K, reserved 425984K
}
Event: 18.379 GC heap after
{Heap after GC invocations=33 (full 0):
 garbage-first heap   total 260096K, used 137155K [0x0000000080000000, 0x0000000100000000)
  region size 1024K, 9 young (9216K), 9 survivors (9216K)
 Metaspace       used 100441K, committed 101504K, reserved 557056K
  class space    used 14046K, committed 14528K, reserved 425984K
}
Event: 19.151 GC heap before
{Heap before GC invocations=34 (full 0):
 garbage-first heap   total 276480K, used 214979K [0x0000000080000000, 0x0000000100000000)
  region size 1024K, 81 young (82944K), 9 survivors (9216K)
 Metaspace       used 102020K, committed 103168K, reserved 557056K
  class space    used 14193K, committed 14720K, reserved 425984K
}
Event: 19.162 GC heap after
{Heap after GC invocations=35 (full 0):
 garbage-first heap   total 276480K, used 152253K [0x0000000080000000, 0x0000000100000000)
  region size 1024K, 11 young (11264K), 11 survivors (11264K)
 Metaspace       used 102020K, committed 103168K, reserved 557056K
  class space    used 14193K, committed 14720K, reserved 425984K
}
Event: 19.173 GC heap before
{Heap before GC invocations=35 (full 0):
 garbage-first heap   total 276480K, used 153277K [0x0000000080000000, 0x0000000100000000)
  region size 1024K, 13 young (13312K), 11 survivors (11264K)
 Metaspace       used 102020K, committed 103168K, reserved 557056K
  class space    used 14193K, committed 14720K, reserved 425984K
}
Event: 19.185 GC heap after
{Heap after GC invocations=36 (full 0):
 garbage-first heap   total 276480K, used 151610K [0x0000000080000000, 0x0000000100000000)
  region size 1024K, 2 young (2048K), 2 survivors (2048K)
 Metaspace       used 102020K, committed 103168K, reserved 557056K
  class space    used 14193K, committed 14720K, reserved 425984K
}

