# JRE version: OpenJDK Runtime Environment Microsoft-8035246 (17.0.8+7) (build 17.0.8+7-LTS)
# Java VM: OpenJDK 64-Bit Server VM Microsoft-8035246 (17.0.8+7-LTS, mixed mode, sharing, tiered, compressed oops, compressed class ptrs, g1 gc, windows-amd64)
GC Precious Log:
 CPUs: 8 total, 8 available
 Memory: 7834M
 Large Page Support: Disabled
 NUMA Support: Disabled
 Compressed Oops: Enabled (32-bit)
 Heap Region Size: 1M
 Heap Min Capacity: 8M
 Heap Initial Capacity: 124M
 Heap Max Capacity: 2G
 Pre-touch: Disabled
 Parallel Workers: 8
 Concurrent Workers: 2
 Concurrent Refinement Workers: 8
 Periodic GC: Disabled
Heap:
 garbage-first heap   total 92160K, used 82012K [0x0000000080000000, 0x0000000100000000)
  region size 1024K, 24 young (24576K), 2 survivors (2048K)
 Metaspace       used 57728K, committed 58368K, reserved 491520K
  class space    used 8229K, committed 8576K, reserved 425984K
GC Heap History (20 events):
Event: 7.523 GC heap before
{Heap before GC invocations=6 (full 0):
 garbage-first heap   total 92160K, used 77746K [0x0000000080000000, 0x0000000100000000)
  region size 1024K, 54 young (55296K), 3 survivors (3072K)
 Metaspace       used 27462K, committed 27840K, reserved 491520K
  class space    used 4037K, committed 4224K, reserved 425984K
}
Event: 7.530 GC heap after
{Heap after GC invocations=7 (full 0):
 garbage-first heap   total 92160K, used 27800K [0x0000000080000000, 0x0000000100000000)
  region size 1024K, 5 young (5120K), 5 survivors (5120K)
 Metaspace       used 27462K, committed 27840K, reserved 491520K
  class space    used 4037K, committed 4224K, reserved 425984K
}
Event: 8.724 GC heap before
{Heap before GC invocations=7 (full 0):
 garbage-first heap   total 92160K, used 69784K [0x0000000080000000, 0x0000000100000000)
  region size 1024K, 47 young (48128K), 5 survivors (5120K)
 Metaspace       used 33194K, committed 33600K, reserved 491520K
  class space    used 4689K, committed 4864K, reserved 425984K
}
Event: 8.736 GC heap after
{Heap after GC invocations=8 (full 0):
 garbage-first heap   total 92160K, used 31783K [0x0000000080000000, 0x0000000100000000)
  region size 1024K, 6 young (6144K), 6 survivors (6144K)
 Metaspace       used 33194K, committed 33600K, reserved 491520K
  class space    used 4689K, committed 4864K, reserved 425984K
}
Event: 9.408 GC heap before
{Heap before GC invocations=8 (full 0):
 garbage-first heap   total 92160K, used 56359K [0x0000000080000000, 0x0000000100000000)
  region size 1024K, 26 young (26624K), 6 survivors (6144K)
 Metaspace       used 35698K, committed 36096K, reserved 491520K
  class space    used 4967K, committed 5184K, reserved 425984K
}
Event: 9.416 GC heap after
{Heap after GC invocations=9 (full 0):
 garbage-first heap   total 92160K, used 33818K [0x0000000080000000, 0x0000000100000000)
  region size 1024K, 2 young (2048K), 2 survivors (2048K)
 Metaspace       used 35698K, committed 36096K, reserved 491520K
  class space    used 4967K, committed 5184K, reserved 425984K
}
Event: 9.990 GC heap before
{Heap before GC invocations=10 (full 0):
 garbage-first heap   total 92160K, used 71706K [0x0000000080000000, 0x0000000100000000)
  region size 1024K, 39 young (39936K), 2 survivors (2048K)
 Metaspace       used 37188K, committed 37696K, reserved 491520K
  class space    used 5192K, committed 5440K, reserved 425984K
}
Event: 9.998 GC heap after
{Heap after GC invocations=11 (full 0):
 garbage-first heap   total 92160K, used 35117K [0x0000000080000000, 0x0000000100000000)
  region size 1024K, 4 young (4096K), 4 survivors (4096K)
 Metaspace       used 37188K, committed 37696K, reserved 491520K
  class space    used 5192K, committed 5440K, reserved 425984K
}
Event: 11.001 GC heap before
{Heap before GC invocations=11 (full 0):
 garbage-first heap   total 92160K, used 71981K [0x0000000080000000, 0x0000000100000000)
  region size 1024K, 40 young (40960K), 4 survivors (4096K)
 Metaspace       used 40921K, committed 41408K, reserved 491520K
  class space    used 5783K, committed 6016K, reserved 425984K
}
Event: 11.007 GC heap after
{Heap after GC invocations=12 (full 0):
 garbage-first heap   total 92160K, used 36412K [0x0000000080000000, 0x0000000100000000)
  region size 1024K, 3 young (3072K), 3 survivors (3072K)
 Metaspace       used 40921K, committed 41408K, reserved 491520K
  class space    used 5783K, committed 6016K, reserved 425984K
}
Event: 12.670 GC heap before
{Heap before GC invocations=12 (full 0):
 garbage-first heap   total 92160K, used 74300K [0x0000000080000000, 0x0000000100000000)
  region size 1024K, 39 young (39936K), 3 survivors (3072K)
 Metaspace       used 44931K, committed 45440K, reserved 491520K
  class space    used 6307K, committed 6528K, reserved 425984K
}
Event: 12.674 GC heap after
{Heap after GC invocations=13 (full 0):
 garbage-first heap   total 92160K, used 38280K [0x0000000080000000, 0x0000000100000000)
  region size 1024K, 4 young (4096K), 4 survivors (4096K)
 Metaspace       used 44931K, committed 45440K, reserved 491520K
  class space    used 6307K, committed 6528K, reserved 425984K
}
Event: 13.577 GC heap before
{Heap before GC invocations=13 (full 0):
 garbage-first heap   total 92160K, used 73096K [0x0000000080000000, 0x0000000100000000)
  region size 1024K, 39 young (39936K), 4 survivors (4096K)
 Metaspace       used 49255K, committed 49792K, reserved 491520K
  class space    used 6914K, committed 7168K, reserved 425984K
}
Event: 13.581 GC heap after
{Heap after GC invocations=14 (full 0):
 garbage-first heap   total 92160K, used 40337K [0x0000000080000000, 0x0000000100000000)
  region size 1024K, 4 young (4096K), 4 survivors (4096K)
 Metaspace       used 49255K, committed 49792K, reserved 491520K
  class space    used 6914K, committed 7168K, reserved 425984K
}
Event: 15.922 GC heap before
{Heap before GC invocations=14 (full 0):
 garbage-first heap   total 92160K, used 74129K [0x0000000080000000, 0x0000000100000000)
  region size 1024K, 38 young (38912K), 4 survivors (4096K)
 Metaspace       used 52302K, committed 52928K, reserved 491520K
  class space    used 7389K, committed 7680K, reserved 425984K
}
Event: 15.931 GC heap after
{Heap after GC invocations=15 (full 0):
 garbage-first heap   total 92160K, used 43319K [0x0000000080000000, 0x0000000100000000)
  region size 1024K, 5 young (5120K), 5 survivors (5120K)
 Metaspace       used 52302K, committed 52928K, reserved 491520K
  class space    used 7389K, committed 7680K, reserved 425984K
}
Event: 17.496 GC heap before
{Heap before GC invocations=15 (full 0):
 garbage-first heap   total 92160K, used 74039K [0x0000000080000000, 0x0000000100000000)
  region size 1024K, 36 young (36864K), 5 survivors (5120K)
 Metaspace       used 53353K, committed 53952K, reserved 491520K
  class space    used 7520K, committed 7808K, reserved 425984K
}
Event: 17.506 GC heap after
{Heap after GC invocations=16 (full 0):
 garbage-first heap   total 92160K, used 46818K [0x0000000080000000, 0x0000000100000000)
  region size 1024K, 4 young (4096K), 4 survivors (4096K)
 Metaspace       used 53353K, committed 53952K, reserved 491520K
  class space    used 7520K, committed 7808K, reserved 425984K
}
Event: 19.351 GC heap before
{Heap before GC invocations=16 (full 0):
 garbage-first heap   total 92160K, used 71394K [0x0000000080000000, 0x0000000100000000)
  region size 1024K, 29 young (29696K), 4 survivors (4096K)
 Metaspace       used 55571K, committed 56192K, reserved 491520K
  class space    used 7898K, committed 8192K, reserved 425984K
}
Event: 19.356 GC heap after
{Heap after GC invocations=17 (full 0):
 garbage-first heap   total 92160K, used 48220K [0x0000000080000000, 0x0000000100000000)
  region size 1024K, 2 young (2048K), 2 survivors (2048K)
 Metaspace       used 55571K, committed 56192K, reserved 491520K
  class space    used 7898K, committed 8192K, reserved 425984K
}

