# JRE version: OpenJDK Runtime Environment Microsoft-8035246 (17.0.8+7) (build 17.0.8+7-LTS)
# Java VM: OpenJDK 64-Bit Server VM Microsoft-8035246 (17.0.8+7-LTS, mixed mode, sharing, tiered, compressed oops, compressed class ptrs, g1 gc, windows-amd64)
GC Precious Log:
 CPUs: 8 total, 8 available
 Memory: 7834M
 Large Page Support: Disabled
 NUMA Support: Disabled
 Compressed Oops: Enabled (32-bit)
 Heap Region Size: 1M
 Heap Min Capacity: 8M
 Heap Initial Capacity: 124M
 Heap Max Capacity: 2G
 Pre-touch: Disabled
 Parallel Workers: 8
 Concurrent Workers: 2
 Concurrent Refinement Workers: 8
 Periodic GC: Disabled
Heap:
 garbage-first heap   total 375808K, used 286568K [0x0000000080000000, 0x0000000100000000)
  region size 1024K, 144 young (147456K), 15 survivors (15360K)
 Metaspace       used 103462K, committed 104640K, reserved 557056K
  class space    used 14380K, committed 14912K, reserved 425984K
GC Heap History (20 events):
Event: 12.716 GC heap before
{Heap before GC invocations=27 (full 0):
 garbage-first heap   total 182272K, used 141217K [0x0000000080000000, 0x0000000100000000)
  region size 1024K, 60 young (61440K), 5 survivors (5120K)
 Metaspace       used 71780K, committed 72640K, reserved 491520K
  class space    used 10156K, committed 10560K, reserved 425984K
}
Event: 12.720 GC heap after
{Heap after GC invocations=28 (full 0):
 garbage-first heap   total 182272K, used 87108K [0x0000000080000000, 0x0000000100000000)
  region size 1024K, 6 young (6144K), 6 survivors (6144K)
 Metaspace       used 71780K, committed 72640K, reserved 491520K
  class space    used 10156K, committed 10560K, reserved 425984K
}
Event: 12.824 GC heap before
{Heap before GC invocations=28 (full 0):
 garbage-first heap   total 182272K, used 117828K [0x0000000080000000, 0x0000000100000000)
  region size 1024K, 38 young (38912K), 6 survivors (6144K)
 Metaspace       used 71805K, committed 72640K, reserved 491520K
  class space    used 10160K, committed 10560K, reserved 425984K
}
Event: 12.828 GC heap after
{Heap after GC invocations=29 (full 0):
 garbage-first heap   total 182272K, used 87804K [0x0000000080000000, 0x0000000100000000)
  region size 1024K, 5 young (5120K), 5 survivors (5120K)
 Metaspace       used 71805K, committed 72640K, reserved 491520K
  class space    used 10160K, committed 10560K, reserved 425984K
}
Event: 13.438 GC heap before
{Heap before GC invocations=30 (full 0):
 garbage-first heap   total 182272K, used 152316K [0x0000000080000000, 0x0000000100000000)
  region size 1024K, 62 young (63488K), 5 survivors (5120K)
 Metaspace       used 75555K, committed 76416K, reserved 557056K
  class space    used 10579K, committed 11008K, reserved 425984K
}
Event: 13.443 GC heap after
{Heap after GC invocations=31 (full 0):
 garbage-first heap   total 182272K, used 100145K [0x0000000080000000, 0x0000000100000000)
  region size 1024K, 8 young (8192K), 8 survivors (8192K)
 Metaspace       used 75555K, committed 76416K, reserved 557056K
  class space    used 10579K, committed 11008K, reserved 425984K
}
Event: 13.451 GC heap before
{Heap before GC invocations=31 (full 0):
 garbage-first heap   total 182272K, used 101169K [0x0000000080000000, 0x0000000100000000)
  region size 1024K, 9 young (9216K), 8 survivors (8192K)
 Metaspace       used 75674K, committed 76544K, reserved 557056K
  class space    used 10588K, committed 11008K, reserved 425984K
}
Event: 13.456 GC heap after
{Heap after GC invocations=32 (full 0):
 garbage-first heap   total 182272K, used 99493K [0x0000000080000000, 0x0000000100000000)
  region size 1024K, 1 young (1024K), 1 survivors (1024K)
 Metaspace       used 75674K, committed 76544K, reserved 557056K
  class space    used 10588K, committed 11008K, reserved 425984K
}
Event: 14.278 GC heap before
{Heap before GC invocations=32 (full 0):
 garbage-first heap   total 182272K, used 154789K [0x0000000080000000, 0x0000000100000000)
  region size 1024K, 50 young (51200K), 1 survivors (1024K)
 Metaspace       used 79661K, committed 80576K, reserved 557056K
  class space    used 11026K, committed 11456K, reserved 425984K
}
Event: 14.287 GC heap after
{Heap after GC invocations=33 (full 0):
 garbage-first heap   total 403456K, used 104370K [0x0000000080000000, 0x0000000100000000)
  region size 1024K, 5 young (5120K), 5 survivors (5120K)
 Metaspace       used 79661K, committed 80576K, reserved 557056K
  class space    used 11026K, committed 11456K, reserved 425984K
}
Event: 16.540 GC heap before
{Heap before GC invocations=34 (full 0):
 garbage-first heap   total 375808K, used 266162K [0x0000000080000000, 0x0000000100000000)
  region size 1024K, 161 young (164864K), 5 survivors (5120K)
 Metaspace       used 86838K, committed 87808K, reserved 557056K
  class space    used 12019K, committed 12480K, reserved 425984K
}
Event: 16.626 GC heap after
{Heap after GC invocations=35 (full 0):
 garbage-first heap   total 375808K, used 115097K [0x0000000080000000, 0x0000000100000000)
  region size 1024K, 13 young (13312K), 13 survivors (13312K)
 Metaspace       used 86838K, committed 87808K, reserved 557056K
  class space    used 12019K, committed 12480K, reserved 425984K
}
Event: 16.718 GC heap before
{Heap before GC invocations=35 (full 0):
 garbage-first heap   total 375808K, used 119193K [0x0000000080000000, 0x0000000100000000)
  region size 1024K, 18 young (18432K), 13 survivors (13312K)
 Metaspace       used 87174K, committed 88064K, reserved 557056K
  class space    used 12054K, committed 12480K, reserved 425984K
}
Event: 16.730 GC heap after
{Heap after GC invocations=36 (full 0):
 garbage-first heap   total 375808K, used 116278K [0x0000000080000000, 0x0000000100000000)
  region size 1024K, 2 young (2048K), 2 survivors (2048K)
 Metaspace       used 87174K, committed 88064K, reserved 557056K
  class space    used 12054K, committed 12480K, reserved 425984K
}
Event: 18.930 GC heap before
{Heap before GC invocations=36 (full 0):
 garbage-first heap   total 375808K, used 297526K [0x0000000080000000, 0x0000000100000000)
  region size 1024K, 178 young (182272K), 2 survivors (2048K)
 Metaspace       used 97685K, committed 98688K, reserved 557056K
  class space    used 13651K, committed 14144K, reserved 425984K
}
Event: 18.942 GC heap after
{Heap after GC invocations=37 (full 0):
 garbage-first heap   total 375808K, used 122018K [0x0000000080000000, 0x0000000100000000)
  region size 1024K, 8 young (8192K), 8 survivors (8192K)
 Metaspace       used 97685K, committed 98688K, reserved 557056K
  class space    used 13651K, committed 14144K, reserved 425984K
}
Event: 20.457 GC heap before
{Heap before GC invocations=37 (full 0):
 garbage-first heap   total 375808K, used 299170K [0x0000000080000000, 0x0000000100000000)
  region size 1024K, 182 young (186368K), 8 survivors (8192K)
 Metaspace       used 100402K, committed 101504K, reserved 557056K
  class space    used 14041K, committed 14528K, reserved 425984K
}
Event: 20.476 GC heap after
{Heap after GC invocations=38 (full 0):
 garbage-first heap   total 375808K, used 134461K [0x0000000080000000, 0x0000000100000000)
  region size 1024K, 20 young (20480K), 20 survivors (20480K)
 Metaspace       used 100402K, committed 101504K, reserved 557056K
  class space    used 14041K, committed 14528K, reserved 425984K
}
Event: 21.885 GC heap before
{Heap before GC invocations=38 (full 0):
 garbage-first heap   total 375808K, used 305469K [0x0000000080000000, 0x0000000100000000)
  region size 1024K, 183 young (187392K), 20 survivors (20480K)
 Metaspace       used 102021K, committed 103104K, reserved 557056K
  class space    used 14189K, committed 14720K, reserved 425984K
}
Event: 21.912 GC heap after
{Heap after GC invocations=39 (full 0):
 garbage-first heap   total 375808K, used 152424K [0x0000000080000000, 0x0000000100000000)
  region size 1024K, 15 young (15360K), 15 survivors (15360K)
 Metaspace       used 102021K, committed 103104K, reserved 557056K
  class space    used 14189K, committed 14720K, reserved 425984K
}

