# JRE version: OpenJDK Runtime Environment Microsoft-8035246 (17.0.8+7) (build 17.0.8+7-LTS)
# Java VM: OpenJDK 64-Bit Server VM Microsoft-8035246 (17.0.8+7-LTS, mixed mode, sharing, tiered, compressed oops, compressed class ptrs, g1 gc, windows-amd64)
GC Precious Log:
 CPUs: 8 total, 8 available
 Memory: 7834M
 Large Page Support: Disabled
 NUMA Support: Disabled
 Compressed Oops: Enabled (32-bit)
 Heap Region Size: 1M
 Heap Min Capacity: 8M
 Heap Initial Capacity: 124M
 Heap Max Capacity: 2G
 Pre-touch: Disabled
 Parallel Workers: 8
 Concurrent Workers: 2
 Concurrent Refinement Workers: 8
 Periodic GC: Disabled
Heap:
 garbage-first heap   total 392192K, used 177674K [0x0000000080000000, 0x0000000100000000)
  region size 1024K, 60 young (61440K), 23 survivors (23552K)
 Metaspace       used 100549K, committed 101696K, reserved 557056K
  class space    used 14050K, committed 14592K, reserved 425984K
GC Heap History (20 events):
Event: 38.721 GC heap before
{Heap before GC invocations=39 (full 0):
 garbage-first heap   total 146432K, used 116424K [0x0000000080000000, 0x0000000100000000)
  region size 1024K, 34 young (34816K), 1 survivors (1024K)
 Metaspace       used 71799K, committed 72640K, reserved 491520K
  class space    used 10159K, committed 10560K, reserved 425984K
}
Event: 38.725 GC heap after
{Heap after GC invocations=40 (full 0):
 garbage-first heap   total 146432K, used 86003K [0x0000000080000000, 0x0000000100000000)
  region size 1024K, 4 young (4096K), 4 survivors (4096K)
 Metaspace       used 71799K, committed 72640K, reserved 491520K
  class space    used 10159K, committed 10560K, reserved 425984K
}
Event: 39.097 GC heap before
{Heap before GC invocations=40 (full 0):
 garbage-first heap   total 146432K, used 117747K [0x0000000080000000, 0x0000000100000000)
  region size 1024K, 36 young (36864K), 4 survivors (4096K)
 Metaspace       used 71805K, committed 72640K, reserved 491520K
  class space    used 10160K, committed 10560K, reserved 425984K
}
Event: 39.102 GC heap after
{Heap after GC invocations=41 (full 0):
 garbage-first heap   total 146432K, used 87261K [0x0000000080000000, 0x0000000100000000)
  region size 1024K, 3 young (3072K), 3 survivors (3072K)
 Metaspace       used 71805K, committed 72640K, reserved 491520K
  class space    used 10160K, committed 10560K, reserved 425984K
}
Event: 39.553 GC heap before
{Heap before GC invocations=41 (full 0):
 garbage-first heap   total 146432K, used 119005K [0x0000000080000000, 0x0000000100000000)
  region size 1024K, 35 young (35840K), 3 survivors (3072K)
 Metaspace       used 71809K, committed 72640K, reserved 491520K
  class space    used 10160K, committed 10560K, reserved 425984K
}
Event: 39.558 GC heap after
{Heap after GC invocations=42 (full 0):
 garbage-first heap   total 146432K, used 88359K [0x0000000080000000, 0x0000000100000000)
  region size 1024K, 3 young (3072K), 3 survivors (3072K)
 Metaspace       used 71809K, committed 72640K, reserved 491520K
  class space    used 10160K, committed 10560K, reserved 425984K
}
Event: 40.733 GC heap before
{Heap before GC invocations=42 (full 0):
 garbage-first heap   total 146432K, used 126247K [0x0000000080000000, 0x0000000100000000)
  region size 1024K, 35 young (35840K), 3 survivors (3072K)
 Metaspace       used 72654K, committed 73536K, reserved 491520K
  class space    used 10271K, committed 10688K, reserved 425984K
}
Event: 40.738 GC heap after
{Heap after GC invocations=43 (full 0):
 garbage-first heap   total 146432K, used 99560K [0x0000000080000000, 0x0000000100000000)
  region size 1024K, 5 young (5120K), 5 survivors (5120K)
 Metaspace       used 72654K, committed 73536K, reserved 491520K
  class space    used 10271K, committed 10688K, reserved 425984K
}
Event: 41.128 GC heap before
{Heap before GC invocations=43 (full 0):
 garbage-first heap   total 146432K, used 120040K [0x0000000080000000, 0x0000000100000000)
  region size 1024K, 25 young (25600K), 5 survivors (5120K)
 Metaspace       used 73979K, committed 74880K, reserved 491520K
  class space    used 10437K, committed 10880K, reserved 425984K
}
Event: 41.134 GC heap after
{Heap after GC invocations=44 (full 0):
 garbage-first heap   total 146432K, used 102027K [0x0000000080000000, 0x0000000100000000)
  region size 1024K, 2 young (2048K), 2 survivors (2048K)
 Metaspace       used 73979K, committed 74880K, reserved 491520K
  class space    used 10437K, committed 10880K, reserved 425984K
}
Event: 41.480 GC heap before
{Heap before GC invocations=45 (full 0):
 garbage-first heap   total 183296K, used 118411K [0x0000000080000000, 0x0000000100000000)
  region size 1024K, 19 young (19456K), 2 survivors (2048K)
 Metaspace       used 75588K, committed 76480K, reserved 557056K
  class space    used 10589K, committed 11008K, reserved 425984K
}
Event: 41.483 GC heap after
{Heap after GC invocations=46 (full 0):
 garbage-first heap   total 183296K, used 102086K [0x0000000080000000, 0x0000000100000000)
  region size 1024K, 2 young (2048K), 2 survivors (2048K)
 Metaspace       used 75588K, committed 76480K, reserved 557056K
  class space    used 10589K, committed 11008K, reserved 425984K
}
Event: 41.605 GC heap before
{Heap before GC invocations=46 (full 0):
 garbage-first heap   total 183296K, used 107206K [0x0000000080000000, 0x0000000100000000)
  region size 1024K, 8 young (8192K), 2 survivors (2048K)
 Metaspace       used 76148K, committed 77056K, reserved 557056K
  class space    used 10645K, committed 11072K, reserved 425984K
}
Event: 41.612 GC heap after
{Heap after GC invocations=47 (full 0):
 garbage-first heap   total 392192K, used 100301K [0x0000000080000000, 0x0000000100000000)
  region size 1024K, 1 young (1024K), 1 survivors (1024K)
 Metaspace       used 76148K, committed 77056K, reserved 557056K
  class space    used 10645K, committed 11072K, reserved 425984K
}
Event: 45.349 GC heap before
{Heap before GC invocations=47 (full 0):
 garbage-first heap   total 392192K, used 270285K [0x0000000080000000, 0x0000000100000000)
  region size 1024K, 161 young (164864K), 1 survivors (1024K)
 Metaspace       used 86783K, committed 87744K, reserved 557056K
  class space    used 12003K, committed 12480K, reserved 425984K
}
Event: 45.364 GC heap after
{Heap after GC invocations=48 (full 0):
 garbage-first heap   total 392192K, used 113239K [0x0000000080000000, 0x0000000100000000)
  region size 1024K, 11 young (11264K), 11 survivors (11264K)
 Metaspace       used 86783K, committed 87744K, reserved 557056K
  class space    used 12003K, committed 12480K, reserved 425984K
}
Event: 48.594 GC heap before
{Heap before GC invocations=48 (full 0):
 garbage-first heap   total 392192K, used 294487K [0x0000000080000000, 0x0000000100000000)
  region size 1024K, 187 young (191488K), 11 survivors (11264K)
 Metaspace       used 95715K, committed 96704K, reserved 557056K
  class space    used 13357K, committed 13824K, reserved 425984K
}
Event: 48.627 GC heap after
{Heap after GC invocations=49 (full 0):
 garbage-first heap   total 392192K, used 120857K [0x0000000080000000, 0x0000000100000000)
  region size 1024K, 18 young (18432K), 18 survivors (18432K)
 Metaspace       used 95715K, committed 96704K, reserved 557056K
  class space    used 13357K, committed 13824K, reserved 425984K
}
Event: 51.536 GC heap before
{Heap before GC invocations=49 (full 0):
 garbage-first heap   total 392192K, used 301081K [0x0000000080000000, 0x0000000100000000)
  region size 1024K, 194 young (198656K), 18 survivors (18432K)
 Metaspace       used 100492K, committed 101632K, reserved 557056K
  class space    used 14046K, committed 14592K, reserved 425984K
}
Event: 51.567 GC heap after
{Heap after GC invocations=50 (full 0):
 garbage-first heap   total 392192K, used 136714K [0x0000000080000000, 0x0000000100000000)
  region size 1024K, 23 young (23552K), 23 survivors (23552K)
 Metaspace       used 100492K, committed 101632K, reserved 557056K
  class space    used 14046K, committed 14592K, reserved 425984K
}

