# JRE version: OpenJDK Runtime Environment Microsoft-8035246 (17.0.8+7) (build 17.0.8+7-LTS)
# Java VM: OpenJDK 64-Bit Server VM Microsoft-8035246 (17.0.8+7-LTS, mixed mode, sharing, tiered, compressed oops, compressed class ptrs, g1 gc, windows-amd64)
GC Precious Log:
 CPUs: 8 total, 8 available
 Memory: 7834M
 Large Page Support: Disabled
 NUMA Support: Disabled
 Compressed Oops: Enabled (32-bit)
 Heap Region Size: 1M
 Heap Min Capacity: 8M
 Heap Initial Capacity: 124M
 Heap Max Capacity: 2G
 Pre-touch: Disabled
 Parallel Workers: 8
 Concurrent Workers: 2
 Concurrent Refinement Workers: 8
 Periodic GC: Disabled
Heap:
 garbage-first heap   total 224256K, used 159720K [0x0000000080000000, 0x0000000100000000)
  region size 1024K, 14 young (14336K), 7 survivors (7168K)
 Metaspace       used 102181K, committed 103296K, reserved 557056K
  class space    used 14189K, committed 14720K, reserved 425984K
GC Heap History (20 events):
Event: 30.948 GC heap before
{Heap before GC invocations=30 (full 0):
 garbage-first heap   total 224256K, used 187663K [0x0000000080000000, 0x0000000100000000)
  region size 1024K, 95 young (97280K), 5 survivors (5120K)
 Metaspace       used 74797K, committed 75648K, reserved 491520K
  class space    used 10492K, committed 10880K, reserved 425984K
}
Event: 30.958 GC heap after
{Heap after GC invocations=31 (full 0):
 garbage-first heap   total 224256K, used 101699K [0x0000000080000000, 0x0000000100000000)
  region size 1024K, 12 young (12288K), 12 survivors (12288K)
 Metaspace       used 74797K, committed 75648K, reserved 491520K
  class space    used 10492K, committed 10880K, reserved 425984K
}
Event: 32.450 GC heap before
{Heap before GC invocations=31 (full 0):
 garbage-first heap   total 224256K, used 184643K [0x0000000080000000, 0x0000000100000000)
  region size 1024K, 88 young (90112K), 12 survivors (12288K)
 Metaspace       used 80929K, committed 81920K, reserved 557056K
  class space    used 11183K, committed 11648K, reserved 425984K
}
Event: 32.462 GC heap after
{Heap after GC invocations=32 (full 0):
 garbage-first heap   total 224256K, used 108500K [0x0000000080000000, 0x0000000100000000)
  region size 1024K, 6 young (6144K), 6 survivors (6144K)
 Metaspace       used 80929K, committed 81920K, reserved 557056K
  class space    used 11183K, committed 11648K, reserved 425984K
}
Event: 33.868 GC heap before
{Heap before GC invocations=32 (full 0):
 garbage-first heap   total 224256K, used 183252K [0x0000000080000000, 0x0000000100000000)
  region size 1024K, 77 young (78848K), 6 survivors (6144K)
 Metaspace       used 85797K, committed 86720K, reserved 557056K
  class space    used 11836K, committed 12288K, reserved 425984K
}
Event: 33.875 GC heap after
{Heap after GC invocations=33 (full 0):
 garbage-first heap   total 224256K, used 113803K [0x0000000080000000, 0x0000000100000000)
  region size 1024K, 4 young (4096K), 4 survivors (4096K)
 Metaspace       used 85797K, committed 86720K, reserved 557056K
  class space    used 11836K, committed 12288K, reserved 425984K
}
Event: 34.783 GC heap before
{Heap before GC invocations=33 (full 0):
 garbage-first heap   total 224256K, used 183435K [0x0000000080000000, 0x0000000100000000)
  region size 1024K, 72 young (73728K), 4 survivors (4096K)
 Metaspace       used 87016K, committed 87936K, reserved 557056K
  class space    used 12025K, committed 12480K, reserved 425984K
}
Event: 34.791 GC heap after
{Heap after GC invocations=34 (full 0):
 garbage-first heap   total 224256K, used 118370K [0x0000000080000000, 0x0000000100000000)
  region size 1024K, 8 young (8192K), 8 survivors (8192K)
 Metaspace       used 87016K, committed 87936K, reserved 557056K
  class space    used 12025K, committed 12480K, reserved 425984K
}
Event: 36.044 GC heap before
{Heap before GC invocations=34 (full 0):
 garbage-first heap   total 224256K, used 184930K [0x0000000080000000, 0x0000000100000000)
  region size 1024K, 72 young (73728K), 8 survivors (8192K)
 Metaspace       used 91182K, committed 92160K, reserved 557056K
  class space    used 12617K, committed 13056K, reserved 425984K
}
Event: 36.053 GC heap after
{Heap after GC invocations=35 (full 0):
 garbage-first heap   total 224256K, used 120733K [0x0000000080000000, 0x0000000100000000)
  region size 1024K, 3 young (3072K), 3 survivors (3072K)
 Metaspace       used 91182K, committed 92160K, reserved 557056K
  class space    used 12617K, committed 13056K, reserved 425984K
}
Event: 37.580 GC heap before
{Heap before GC invocations=35 (full 0):
 garbage-first heap   total 224256K, used 186269K [0x0000000080000000, 0x0000000100000000)
  region size 1024K, 67 young (68608K), 3 survivors (3072K)
 Metaspace       used 95320K, committed 96256K, reserved 557056K
  class space    used 13292K, committed 13760K, reserved 425984K
}
Event: 37.587 GC heap after
{Heap after GC invocations=36 (full 0):
 garbage-first heap   total 224256K, used 122231K [0x0000000080000000, 0x0000000100000000)
  region size 1024K, 4 young (4096K), 4 survivors (4096K)
 Metaspace       used 95320K, committed 96256K, reserved 557056K
  class space    used 13292K, committed 13760K, reserved 425984K
}
Event: 38.715 GC heap before
{Heap before GC invocations=36 (full 0):
 garbage-first heap   total 224256K, used 188791K [0x0000000080000000, 0x0000000100000000)
  region size 1024K, 69 young (70656K), 4 survivors (4096K)
 Metaspace       used 98289K, committed 99264K, reserved 557056K
  class space    used 13700K, committed 14144K, reserved 425984K
}
Event: 38.725 GC heap after
{Heap after GC invocations=37 (full 0):
 garbage-first heap   total 224256K, used 126980K [0x0000000080000000, 0x0000000100000000)
  region size 1024K, 9 young (9216K), 9 survivors (9216K)
 Metaspace       used 98289K, committed 99264K, reserved 557056K
  class space    used 13700K, committed 14144K, reserved 425984K
}
Event: 39.647 GC heap before
{Heap before GC invocations=37 (full 0):
 garbage-first heap   total 224256K, used 186372K [0x0000000080000000, 0x0000000100000000)
  region size 1024K, 68 young (69632K), 9 survivors (9216K)
 Metaspace       used 99505K, committed 100608K, reserved 557056K
  class space    used 13864K, committed 14336K, reserved 425984K
}
Event: 39.662 GC heap after
{Heap after GC invocations=38 (full 0):
 garbage-first heap   total 224256K, used 134635K [0x0000000080000000, 0x0000000100000000)
  region size 1024K, 8 young (8192K), 8 survivors (8192K)
 Metaspace       used 99505K, committed 100608K, reserved 557056K
  class space    used 13864K, committed 14336K, reserved 425984K
}
Event: 40.499 GC heap before
{Heap before GC invocations=38 (full 0):
 garbage-first heap   total 224256K, used 185835K [0x0000000080000000, 0x0000000100000000)
  region size 1024K, 59 young (60416K), 8 survivors (8192K)
 Metaspace       used 100541K, committed 101632K, reserved 557056K
  class space    used 14041K, committed 14528K, reserved 425984K
}
Event: 40.509 GC heap after
{Heap after GC invocations=39 (full 0):
 garbage-first heap   total 224256K, used 138083K [0x0000000080000000, 0x0000000100000000)
  region size 1024K, 6 young (6144K), 6 survivors (6144K)
 Metaspace       used 100541K, committed 101632K, reserved 557056K
  class space    used 14041K, committed 14528K, reserved 425984K
}
Event: 40.704 GC heap before
{Heap before GC invocations=39 (full 0):
 garbage-first heap   total 224256K, used 186211K [0x0000000080000000, 0x0000000100000000)
  region size 1024K, 54 young (55296K), 6 survivors (6144K)
 Metaspace       used 100543K, committed 101632K, reserved 557056K
  class space    used 14041K, committed 14528K, reserved 425984K
}
Event: 40.714 GC heap after
{Heap after GC invocations=40 (full 0):
 garbage-first heap   total 224256K, used 139600K [0x0000000080000000, 0x0000000100000000)
  region size 1024K, 4 young (4096K), 4 survivors (4096K)
 Metaspace       used 100543K, committed 101632K, reserved 557056K
  class space    used 14041K, committed 14528K, reserved 425984K
}

